D, [2019-06-24T15:05:20.988845 #30080] DEBUG -- :   [1m[35m (249.3ms)[0m  [1m[35mCREATE TABLE "schema_migrations" ("version" character varying NOT NULL PRIMARY KEY)[0m
D, [2019-06-24T15:05:21.163953 #30080] DEBUG -- :   [1m[35m (171.5ms)[0m  [1m[35mCREATE TABLE "ar_internal_metadata" ("key" character varying NOT NULL PRIMARY KEY, "value" character varying, "created_at" timestamp NOT NULL, "updated_at" timestamp NOT NULL)[0m
D, [2019-06-24T15:05:21.166487 #30080] DEBUG -- :   [1m[35m (0.5ms)[0m  [1m[34mSELECT pg_try_advisory_lock(671244859123124370)[0m
D, [2019-06-24T15:05:21.227188 #30080] DEBUG -- :   [1m[35m (15.3ms)[0m  [1m[34mSELECT "schema_migrations"."version" FROM "schema_migrations" ORDER BY "schema_migrations"."version" ASC[0m
I, [2019-06-24T15:05:21.227812 #30080]  INFO -- : Migrating to Books (20190624090639)
D, [2019-06-24T15:05:21.228940 #30080] DEBUG -- :   [1m[35m (0.2ms)[0m  [1m[35mBEGIN[0m
D, [2019-06-24T15:05:21.338363 #30080] DEBUG -- :   [1m[35m (108.7ms)[0m  [1m[35mCREATE TABLE "books" ("id" bigserial primary key, "title" character varying(40) NOT NULL, "price" float, "subject_id" integer, "description" text, "created_at" timestamp)[0m
D, [2019-06-24T15:05:21.342524 #30080] DEBUG -- :   [1m[36mActiveRecord::SchemaMigration Create (0.5ms)[0m  [1m[32mINSERT INTO "schema_migrations" ("version") VALUES ($1) RETURNING "version"[0m  [["version", "20190624090639"]]
D, [2019-06-24T15:05:21.355310 #30080] DEBUG -- :   [1m[35m (12.4ms)[0m  [1m[35mCOMMIT[0m
I, [2019-06-24T15:05:21.355493 #30080]  INFO -- : Migrating to Subjects (20190624090736)
D, [2019-06-24T15:05:21.356710 #30080] DEBUG -- :   [1m[35m (0.4ms)[0m  [1m[35mBEGIN[0m
D, [2019-06-24T15:05:21.480997 #30080] DEBUG -- :   [1m[35m (123.4ms)[0m  [1m[35mCREATE TABLE "subjects" ("id" bigserial primary key, "name" character varying)[0m
D, [2019-06-24T15:05:21.497563 #30080] DEBUG -- :   [1m[36mSubject Create (1.1ms)[0m  [1m[32mINSERT INTO "subjects" ("name") VALUES ($1) RETURNING "id"[0m  [["name", "Physics"]]
D, [2019-06-24T15:05:21.500154 #30080] DEBUG -- :   [1m[36mSubject Create (0.8ms)[0m  [1m[32mINSERT INTO "subjects" ("name") VALUES ($1) RETURNING "id"[0m  [["name", "Chemistry"]]
D, [2019-06-24T15:05:21.503467 #30080] DEBUG -- :   [1m[36mSubject Create (1.4ms)[0m  [1m[32mINSERT INTO "subjects" ("name") VALUES ($1) RETURNING "id"[0m  [["name", "Mathematics"]]
D, [2019-06-24T15:05:21.506237 #30080] DEBUG -- :   [1m[36mSubject Create (0.5ms)[0m  [1m[32mINSERT INTO "subjects" ("name") VALUES ($1) RETURNING "id"[0m  [["name", "Psychology"]]
D, [2019-06-24T15:05:21.507818 #30080] DEBUG -- :   [1m[36mSubject Create (0.5ms)[0m  [1m[32mINSERT INTO "subjects" ("name") VALUES ($1) RETURNING "id"[0m  [["name", "Geograpy"]]
D, [2019-06-24T15:05:21.509584 #30080] DEBUG -- :   [1m[36mSubject Create (0.6ms)[0m  [1m[32mINSERT INTO "subjects" ("name") VALUES ($1) RETURNING "id"[0m  [["name", "Biology"]]
D, [2019-06-24T15:05:21.511728 #30080] DEBUG -- :   [1m[36mActiveRecord::SchemaMigration Create (0.7ms)[0m  [1m[32mINSERT INTO "schema_migrations" ("version") VALUES ($1) RETURNING "version"[0m  [["version", "20190624090736"]]
D, [2019-06-24T15:05:21.537888 #30080] DEBUG -- :   [1m[35m (25.8ms)[0m  [1m[35mCOMMIT[0m
D, [2019-06-24T15:05:21.546515 #30080] DEBUG -- :   [1m[36mActiveRecord::InternalMetadata Load (1.0ms)[0m  [1m[34mSELECT  "ar_internal_metadata".* FROM "ar_internal_metadata" WHERE "ar_internal_metadata"."key" = $1 LIMIT $2[0m  [["key", "environment"], ["LIMIT", 1]]
D, [2019-06-24T15:05:21.556500 #30080] DEBUG -- :   [1m[35m (0.3ms)[0m  [1m[35mBEGIN[0m
D, [2019-06-24T15:05:21.558549 #30080] DEBUG -- :   [1m[36mActiveRecord::InternalMetadata Create (0.6ms)[0m  [1m[32mINSERT INTO "ar_internal_metadata" ("key", "value", "created_at", "updated_at") VALUES ($1, $2, $3, $4) RETURNING "key"[0m  [["key", "environment"], ["value", "production"], ["created_at", "2019-06-24 09:35:21.556912"], ["updated_at", "2019-06-24 09:35:21.556912"]]
D, [2019-06-24T15:05:21.596065 #30080] DEBUG -- :   [1m[35m (37.1ms)[0m  [1m[35mCOMMIT[0m
D, [2019-06-24T15:05:21.597053 #30080] DEBUG -- :   [1m[35m (0.6ms)[0m  [1m[34mSELECT pg_advisory_unlock(671244859123124370)[0m
